<?xml version="1.0" encoding="UTF-8"?>
<!-- Generated by org.testng.reporters.JUnitXMLReporter -->
<testsuite ignored="0" hostname="LAPTOP-SSFVE9VJ" failures="0" tests="3" name="Test" time="3.982" errors="0" timestamp="2021-01-03T09:39:48 IST">
  <testcase classname="org.testing.TestScripts.TC1_Post_Request" name="tc1_Post_Request" time="3.671"/>
  <testcase classname="org.testing.TestScripts.TC2_Get_Request" name="tc2_Get_Request" time="0.127"/>
  <testcase classname="org.testing.TestScripts.TC3_Get_Request_AllData" name="tc3_Get_Request_AllData" time="0.109"/>
</testsuite> <!-- Test -->
