<?xml version="1.0" encoding="UTF-8"?>
<testng-results ignored="0" total="3" passed="3" failed="0" skipped="0">
  <reporter-output>
  </reporter-output>
  <suite started-at="2021-01-03T09:39:44 IST" name="Suite" finished-at="2021-01-03T09:39:48 IST" duration-ms="3982">
    <groups>
    </groups>
    <test started-at="2021-01-03T09:39:44 IST" name="Test" finished-at="2021-01-03T09:39:48 IST" duration-ms="3982">
      <class name="org.testing.TestScripts.TC3_Get_Request_AllData">
        <test-method signature="tc3_Get_Request_AllData()[pri:0, instance:org.testing.TestScripts.TC3_Get_Request_AllData@e7edb54]" started-at="2021-01-03T09:39:48 IST" name="tc3_Get_Request_AllData" finished-at="2021-01-03T09:39:48 IST" duration-ms="109" status="PASS">
          <reporter-output>
          </reporter-output>
        </test-method> <!-- tc3_Get_Request_AllData -->
      </class> <!-- org.testing.TestScripts.TC3_Get_Request_AllData -->
      <class name="org.testing.TestScripts.TC2_Get_Request">
        <test-method signature="tc2_Get_Request()[pri:0, instance:org.testing.TestScripts.TC2_Get_Request@74455848]" started-at="2021-01-03T09:39:48 IST" name="tc2_Get_Request" finished-at="2021-01-03T09:39:48 IST" duration-ms="127" status="PASS">
          <reporter-output>
          </reporter-output>
        </test-method> <!-- tc2_Get_Request -->
      </class> <!-- org.testing.TestScripts.TC2_Get_Request -->
      <class name="org.testing.TestScripts.TC1_Post_Request">
        <test-method signature="tc1_Post_Request()[pri:0, instance:org.testing.TestScripts.TC1_Post_Request@2e55dd0c]" started-at="2021-01-03T09:39:44 IST" name="tc1_Post_Request" finished-at="2021-01-03T09:39:48 IST" duration-ms="3671" status="PASS">
          <reporter-output>
          </reporter-output>
        </test-method> <!-- tc1_Post_Request -->
      </class> <!-- org.testing.TestScripts.TC1_Post_Request -->
    </test> <!-- Test -->
  </suite> <!-- Suite -->
</testng-results>
